<?xml version="1.0" encoding="UTF-8"?>
<coverage generated="1770682355946" clover="3.2.0">
  <project timestamp="1770682355946" name="All files">
    <metrics statements="101" coveredstatements="101" conditionals="61" coveredconditionals="61" methods="44" coveredmethods="44" elements="206" coveredelements="206" complexity="0" loc="101" ncloc="101" packages="2" files="9" classes="9"/>
    <package name="copy-deck">
      <metrics statements="0" coveredstatements="0" conditionals="0" coveredconditionals="0" methods="0" coveredmethods="0"/>
      <file name="package.json" path="/home/andrew/bin/copy-deck/package.json">
        <metrics statements="0" coveredstatements="0" conditionals="0" coveredconditionals="0" methods="0" coveredmethods="0"/>
      </file>
    </package>
    <package name="copy-deck.src.components">
      <metrics statements="101" coveredstatements="101" conditionals="61" coveredconditionals="61" methods="44" coveredmethods="44"/>
      <file name="AddCard.tsx" path="/home/andrew/bin/copy-deck/src/components/AddCard.tsx">
        <metrics statements="2" coveredstatements="2" conditionals="0" coveredconditionals="0" methods="1" coveredmethods="1"/>
        <line num="5" count="2" type="stmt"/>
        <line num="6" count="7" type="stmt"/>
      </file>
      <file name="AddDeck.tsx" path="/home/andrew/bin/copy-deck/src/components/AddDeck.tsx">
        <metrics statements="2" coveredstatements="2" conditionals="0" coveredconditionals="0" methods="1" coveredmethods="1"/>
        <line num="5" count="2" type="stmt"/>
        <line num="6" count="29" type="stmt"/>
      </file>
      <file name="Card.tsx" path="/home/andrew/bin/copy-deck/src/components/Card.tsx">
        <metrics statements="43" coveredstatements="43" conditionals="31" coveredconditionals="31" methods="13" coveredmethods="13"/>
        <line num="12" count="2" type="stmt"/>
        <line num="19" count="37" type="stmt"/>
        <line num="20" count="37" type="stmt"/>
        <line num="21" count="37" type="stmt"/>
        <line num="22" count="37" type="stmt"/>
        <line num="23" count="37" type="stmt"/>
        <line num="25" count="37" type="stmt"/>
        <line num="26" count="14" type="stmt"/>
        <line num="27" count="14" type="stmt"/>
        <line num="30" count="37" type="stmt"/>
        <line num="31" count="27" type="cond" truecount="4" falsecount="0"/>
        <line num="32" count="8" type="stmt"/>
        <line num="33" count="8" type="stmt"/>
        <line num="37" count="37" type="stmt"/>
        <line num="38" count="25" type="cond" truecount="4" falsecount="0"/>
        <line num="39" count="6" type="stmt"/>
        <line num="40" count="6" type="stmt"/>
        <line num="47" count="37" type="stmt"/>
        <line num="48" count="3" type="cond" truecount="4" falsecount="0"/>
        <line num="49" count="2" type="stmt"/>
        <line num="50" count="2" type="stmt"/>
        <line num="51" count="1" type="stmt"/>
        <line num="52" count="1" type="stmt"/>
        <line num="55" count="1" type="stmt"/>
        <line num="61" count="1" type="stmt"/>
        <line num="65" count="37" type="stmt"/>
        <line num="66" count="3" type="stmt"/>
        <line num="67" count="3" type="stmt"/>
        <line num="68" count="3" type="stmt"/>
        <line num="71" count="37" type="stmt"/>
        <line num="72" count="2" type="stmt"/>
        <line num="73" count="2" type="stmt"/>
        <line num="74" count="2" type="stmt"/>
        <line num="75" count="2" type="stmt"/>
        <line num="78" count="37" type="stmt"/>
        <line num="99" count="2" type="stmt"/>
        <line num="136" count="6" type="stmt"/>
        <line num="137" count="6" type="stmt"/>
        <line num="147" count="2" type="stmt"/>
        <line num="148" count="2" type="stmt"/>
        <line num="165" count="2" type="stmt"/>
        <line num="167" count="2" type="cond" truecount="5" falsecount="0"/>
        <line num="168" count="2" type="cond" truecount="2" falsecount="0"/>
      </file>
      <file name="Deck.tsx" path="/home/andrew/bin/copy-deck/src/components/Deck.tsx">
        <metrics statements="8" coveredstatements="8" conditionals="0" coveredconditionals="0" methods="7" coveredmethods="7"/>
        <line num="18" count="1" type="stmt"/>
        <line num="19" count="4" type="stmt"/>
        <line num="22" count="4" type="stmt"/>
        <line num="28" count="4" type="stmt"/>
        <line num="30" count="4" type="stmt"/>
        <line num="36" count="4" type="stmt"/>
        <line num="44" count="1" type="stmt"/>
        <line num="46" count="1" type="stmt"/>
      </file>
      <file name="Footer.tsx" path="/home/andrew/bin/copy-deck/src/components/Footer.tsx">
        <metrics statements="2" coveredstatements="2" conditionals="0" coveredconditionals="0" methods="1" coveredmethods="1"/>
        <line num="3" count="1" type="stmt"/>
        <line num="4" count="3" type="stmt"/>
      </file>
      <file name="Icons.tsx" path="/home/andrew/bin/copy-deck/src/components/Icons.tsx">
        <metrics statements="5" coveredstatements="5" conditionals="4" coveredconditionals="4" methods="5" coveredmethods="5"/>
        <line num="1" count="21" type="cond" truecount="1" falsecount="0"/>
        <line num="16" count="21" type="cond" truecount="1" falsecount="0"/>
        <line num="31" count="64" type="cond" truecount="1" falsecount="0"/>
        <line num="47" count="64" type="cond" truecount="1" falsecount="0"/>
        <line num="62" count="73" type="stmt"/>
      </file>
      <file name="Navbar.tsx" path="/home/andrew/bin/copy-deck/src/components/Navbar.tsx">
        <metrics statements="2" coveredstatements="2" conditionals="0" coveredconditionals="0" methods="1" coveredmethods="1"/>
        <line num="1" count="1" type="stmt"/>
        <line num="2" count="2" type="stmt"/>
      </file>
      <file name="Sidebar.tsx" path="/home/andrew/bin/copy-deck/src/components/Sidebar.tsx">
        <metrics statements="37" coveredstatements="37" conditionals="26" coveredconditionals="26" methods="15" coveredmethods="15"/>
        <line num="16" count="1" type="stmt"/>
        <line num="24" count="26" type="stmt"/>
        <line num="25" count="26" type="stmt"/>
        <line num="26" count="26" type="stmt"/>
        <line num="27" count="26" type="stmt"/>
        <line num="29" count="26" type="stmt"/>
        <line num="30" count="5" type="stmt"/>
        <line num="31" count="5" type="stmt"/>
        <line num="32" count="5" type="stmt"/>
        <line num="35" count="26" type="stmt"/>
        <line num="36" count="4" type="stmt"/>
        <line num="37" count="4" type="cond" truecount="4" falsecount="0"/>
        <line num="38" count="3" type="stmt"/>
        <line num="40" count="4" type="stmt"/>
        <line num="43" count="26" type="stmt"/>
        <line num="44" count="1" type="stmt"/>
        <line num="45" count="1" type="stmt"/>
        <line num="48" count="26" type="stmt"/>
        <line num="52" count="50" type="cond" truecount="2" falsecount="0"/>
        <line num="54" count="48" type="cond" truecount="2" falsecount="0"/>
        <line num="55" count="2" type="stmt"/>
        <line num="60" count="46" type="stmt"/>
        <line num="63" count="26" type="stmt"/>
        <line num="75" count="26" type="stmt"/>
        <line num="83" count="50" type="stmt"/>
        <line num="84" count="50" type="stmt"/>
        <line num="86" count="50" type="stmt"/>
        <line num="88" count="50" type="stmt"/>
        <line num="92" count="1" type="cond" truecount="2" falsecount="0"/>
        <line num="129" count="4" type="stmt"/>
        <line num="130" count="1" type="stmt"/>
        <line num="132" count="3" type="cond" truecount="2" falsecount="0"/>
        <line num="133" count="3" type="cond" truecount="2" falsecount="0"/>
        <line num="147" count="1" type="stmt"/>
        <line num="162" count="5" type="stmt"/>
        <line num="169" count="1" type="stmt"/>
        <line num="170" count="1" type="stmt"/>
      </file>
    </package>
  </project>
</coverage>
