{"/home/andrew/bin/copy-deck/package.json": {"path":"/home/andrew/bin/copy-deck/package.json","statementMap":{},"fnMap":{},"branchMap":{},"s":{},"f":{},"b":{},"meta":{"lastBranch":0,"lastFunction":0,"lastStatement":0,"seen":{}}}
,"/home/andrew/bin/copy-deck/src/components/AddCard.tsx": {"path":"/home/andrew/bin/copy-deck/src/components/AddCard.tsx","statementMap":{"0":{"start":{"line":5,"column":16},"end":{"line":18,"column":null}},"1":{"start":{"line":6,"column":2},"end":{"line":13,"column":null}}},"fnMap":{"0":{"name":"(anonymous_0)","decl":{"start":{"line":5,"column":16},"end":{"line":5,"column":17}},"loc":{"start":{"line":5,"column":40},"end":{"line":18,"column":null}},"line":5}},"branchMap":{},"s":{"0":2,"1":7},"f":{"0":7},"b":{},"meta":{"lastBranch":0,"lastFunction":1,"lastStatement":2,"seen":{"s:5:16:18:Infinity":0,"f:5:16:5:17":0,"s:6:2:13:Infinity":1}}}
,"/home/andrew/bin/copy-deck/src/components/AddDeck.tsx": {"path":"/home/andrew/bin/copy-deck/src/components/AddDeck.tsx","statementMap":{"0":{"start":{"line":5,"column":16},"end":{"line":16,"column":null}},"1":{"start":{"line":6,"column":2},"end":{"line":13,"column":null}}},"fnMap":{"0":{"name":"(anonymous_0)","decl":{"start":{"line":5,"column":16},"end":{"line":5,"column":17}},"loc":{"start":{"line":5,"column":40},"end":{"line":16,"column":null}},"line":5}},"branchMap":{},"s":{"0":2,"1":29},"f":{"0":29},"b":{},"meta":{"lastBranch":0,"lastFunction":1,"lastStatement":2,"seen":{"s:5:16:16:Infinity":0,"f:5:16:5:17":0,"s:6:2:13:Infinity":1}}}
,"/home/andrew/bin/copy-deck/src/components/Card.tsx": {"path":"/home/andrew/bin/copy-deck/src/components/Card.tsx","statementMap":{"0":{"start":{"line":12,"column":13},"end":{"line":191,"column":null}},"1":{"start":{"line":19,"column":27},"end":{"line":19,"column":null}},"2":{"start":{"line":20,"column":33},"end":{"line":20,"column":null}},"3":{"start":{"line":21,"column":33},"end":{"line":21,"column":null}},"4":{"start":{"line":22,"column":37},"end":{"line":22,"column":null}},"5":{"start":{"line":23,"column":8},"end":{"line":23,"column":null}},"6":{"start":{"line":25,"column":2},"end":{"line":28,"column":null}},"7":{"start":{"line":26,"column":4},"end":{"line":26,"column":null}},"8":{"start":{"line":27,"column":4},"end":{"line":27,"column":null}},"9":{"start":{"line":30,"column":2},"end":{"line":35,"column":null}},"10":{"start":{"line":31,"column":4},"end":{"line":34,"column":null}},"11":{"start":{"line":32,"column":6},"end":{"line":32,"column":null}},"12":{"start":{"line":33,"column":6},"end":{"line":33,"column":null}},"13":{"start":{"line":37,"column":2},"end":{"line":45,"column":null}},"14":{"start":{"line":38,"column":4},"end":{"line":44,"column":null}},"15":{"start":{"line":39,"column":6},"end":{"line":39,"column":null}},"16":{"start":{"line":40,"column":6},"end":{"line":42,"column":null}},"17":{"start":{"line":47,"column":21},"end":{"line":63,"column":null}},"18":{"start":{"line":48,"column":4},"end":{"line":48,"column":null}},"19":{"start":{"line":48,"column":31},"end":{"line":48,"column":null}},"20":{"start":{"line":49,"column":4},"end":{"line":62,"column":null}},"21":{"start":{"line":50,"column":6},"end":{"line":50,"column":null}},"22":{"start":{"line":51,"column":6},"end":{"line":51,"column":null}},"23":{"start":{"line":52,"column":6},"end":{"line":52,"column":null}},"24":{"start":{"line":52,"column":23},"end":{"line":52,"column":41}},"25":{"start":{"line":55,"column":6},"end":{"line":59,"column":null}},"26":{"start":{"line":61,"column":6},"end":{"line":61,"column":null}},"27":{"start":{"line":65,"column":21},"end":{"line":69,"column":null}},"28":{"start":{"line":66,"column":4},"end":{"line":66,"column":null}},"29":{"start":{"line":67,"column":4},"end":{"line":67,"column":null}},"30":{"start":{"line":68,"column":4},"end":{"line":68,"column":null}},"31":{"start":{"line":71,"column":23},"end":{"line":76,"column":null}},"32":{"start":{"line":72,"column":4},"end":{"line":72,"column":null}},"33":{"start":{"line":73,"column":4},"end":{"line":73,"column":null}},"34":{"start":{"line":74,"column":4},"end":{"line":74,"column":null}},"35":{"start":{"line":75,"column":4},"end":{"line":75,"column":null}},"36":{"start":{"line":78,"column":2},"end":{"line":186,"column":null}},"37":{"start":{"line":99,"column":31},"end":{"line":99,"column":null}},"38":{"start":{"line":136,"column":18},"end":{"line":136,"column":null}},"39":{"start":{"line":137,"column":18},"end":{"line":137,"column":null}},"40":{"start":{"line":147,"column":18},"end":{"line":147,"column":null}},"41":{"start":{"line":148,"column":18},"end":{"line":148,"column":null}},"42":{"start":{"line":165,"column":27},"end":{"line":165,"column":null}},"43":{"start":{"line":167,"column":12},"end":{"line":167,"column":null}},"44":{"start":{"line":167,"column":63},"end":{"line":167,"column":null}},"45":{"start":{"line":168,"column":12},"end":{"line":168,"column":null}},"46":{"start":{"line":168,"column":36},"end":{"line":168,"column":null}}},"fnMap":{"0":{"name":"(anonymous_0)","decl":{"start":{"line":12,"column":13},"end":{"line":12,"column":14}},"loc":{"start":{"line":18,"column":12},"end":{"line":191,"column":null}},"line":18},"1":{"name":"(anonymous_1)","decl":{"start":{"line":25,"column":12},"end":{"line":25,"column":null}},"loc":{"start":{"line":25,"column":12},"end":{"line":28,"column":5}},"line":25},"2":{"name":"(anonymous_2)","decl":{"start":{"line":30,"column":12},"end":{"line":30,"column":null}},"loc":{"start":{"line":30,"column":12},"end":{"line":35,"column":5}},"line":30},"3":{"name":"(anonymous_3)","decl":{"start":{"line":37,"column":12},"end":{"line":37,"column":null}},"loc":{"start":{"line":37,"column":12},"end":{"line":45,"column":5}},"line":37},"4":{"name":"(anonymous_4)","decl":{"start":{"line":47,"column":21},"end":{"line":47,"column":null}},"loc":{"start":{"line":47,"column":21},"end":{"line":63,"column":null}},"line":47},"5":{"name":"(anonymous_5)","decl":{"start":{"line":52,"column":17},"end":{"line":52,"column":23}},"loc":{"start":{"line":52,"column":23},"end":{"line":52,"column":41}},"line":52},"6":{"name":"(anonymous_6)","decl":{"start":{"line":65,"column":21},"end":{"line":65,"column":22}},"loc":{"start":{"line":65,"column":22},"end":{"line":69,"column":null}},"line":65},"7":{"name":"(anonymous_7)","decl":{"start":{"line":71,"column":23},"end":{"line":71,"column":24}},"loc":{"start":{"line":71,"column":24},"end":{"line":76,"column":null}},"line":71},"8":{"name":"(anonymous_8)","decl":{"start":{"line":99,"column":24},"end":{"line":99,"column":25}},"loc":{"start":{"line":99,"column":31},"end":{"line":99,"column":null}},"line":99},"9":{"name":"(anonymous_9)","decl":{"start":{"line":135,"column":25},"end":{"line":135,"column":26}},"loc":{"start":{"line":135,"column":26},"end":{"line":138,"column":null}},"line":135},"10":{"name":"(anonymous_10)","decl":{"start":{"line":146,"column":25},"end":{"line":146,"column":26}},"loc":{"start":{"line":146,"column":26},"end":{"line":149,"column":null}},"line":146},"11":{"name":"(anonymous_11)","decl":{"start":{"line":165,"column":20},"end":{"line":165,"column":21}},"loc":{"start":{"line":165,"column":27},"end":{"line":165,"column":null}},"line":165},"12":{"name":"(anonymous_12)","decl":{"start":{"line":166,"column":21},"end":{"line":166,"column":22}},"loc":{"start":{"line":166,"column":22},"end":{"line":169,"column":null}},"line":166}},"branchMap":{"0":{"loc":{"start":{"line":31,"column":4},"end":{"line":34,"column":null}},"type":"if","locations":[{"start":{"line":31,"column":4},"end":{"line":34,"column":null}},{"start":{},"end":{}}],"line":31},"1":{"loc":{"start":{"line":31,"column":8},"end":{"line":31,"column":37}},"type":"binary-expr","locations":[{"start":{"line":31,"column":8},"end":{"line":31,"column":21}},{"start":{"line":31,"column":21},"end":{"line":31,"column":37}}],"line":31},"2":{"loc":{"start":{"line":38,"column":4},"end":{"line":44,"column":null}},"type":"if","locations":[{"start":{"line":38,"column":4},"end":{"line":44,"column":null}},{"start":{},"end":{}}],"line":38},"3":{"loc":{"start":{"line":38,"column":8},"end":{"line":38,"column":37}},"type":"binary-expr","locations":[{"start":{"line":38,"column":8},"end":{"line":38,"column":21}},{"start":{"line":38,"column":21},"end":{"line":38,"column":37}}],"line":38},"4":{"loc":{"start":{"line":48,"column":4},"end":{"line":48,"column":null}},"type":"if","locations":[{"start":{"line":48,"column":4},"end":{"line":48,"column":null}},{"start":{},"end":{}}],"line":48},"5":{"loc":{"start":{"line":48,"column":8},"end":{"line":48,"column":31}},"type":"binary-expr","locations":[{"start":{"line":48,"column":8},"end":{"line":48,"column":21}},{"start":{"line":48,"column":21},"end":{"line":48,"column":31}}],"line":48},"6":{"loc":{"start":{"line":86,"column":16},"end":{"line":88,"column":null}},"type":"cond-expr","locations":[{"start":{"line":87,"column":20},"end":{"line":87,"column":null}},{"start":{"line":88,"column":20},"end":{"line":88,"column":null}}],"line":86},"7":{"loc":{"start":{"line":95,"column":11},"end":{"line":105,"column":null}},"type":"cond-expr","locations":[{"start":{"line":95,"column":11},"end":{"line":105,"column":13}},{"start":{"line":105,"column":12},"end":{"line":105,"column":null}}],"line":95},"8":{"loc":{"start":{"line":110,"column":11},"end":{"line":154,"column":null}},"type":"cond-expr","locations":[{"start":{"line":110,"column":11},"end":{"line":128,"column":13}},{"start":{"line":128,"column":12},"end":{"line":154,"column":null}}],"line":110},"9":{"loc":{"start":{"line":129,"column":15},"end":{"line":130,"column":null}},"type":"binary-expr","locations":[{"start":{"line":129,"column":15},"end":{"line":129,"column":null}},{"start":{"line":129,"column":15},"end":{"line":130,"column":null}}],"line":129},"10":{"loc":{"start":{"line":161,"column":7},"end":{"line":186,"column":null}},"type":"cond-expr","locations":[{"start":{"line":161,"column":7},"end":{"line":176,"column":9}},{"start":{"line":176,"column":8},"end":{"line":186,"column":null}}],"line":161},"11":{"loc":{"start":{"line":167,"column":12},"end":{"line":167,"column":null}},"type":"if","locations":[{"start":{"line":167,"column":12},"end":{"line":167,"column":null}},{"start":{},"end":{}}],"line":167},"12":{"loc":{"start":{"line":167,"column":16},"end":{"line":167,"column":63}},"type":"binary-expr","locations":[{"start":{"line":167,"column":16},"end":{"line":167,"column":38}},{"start":{"line":167,"column":38},"end":{"line":167,"column":47}},{"start":{"line":167,"column":51},"end":{"line":167,"column":59}}],"line":167},"13":{"loc":{"start":{"line":168,"column":12},"end":{"line":168,"column":null}},"type":"if","locations":[{"start":{"line":168,"column":12},"end":{"line":168,"column":null}},{"start":{},"end":{}}],"line":168},"14":{"loc":{"start":{"line":180,"column":14},"end":{"line":182,"column":null}},"type":"cond-expr","locations":[{"start":{"line":181,"column":18},"end":{"line":181,"column":null}},{"start":{"line":182,"column":18},"end":{"line":182,"column":null}}],"line":180}},"s":{"0":2,"1":37,"2":37,"3":37,"4":37,"5":37,"6":37,"7":14,"8":14,"9":37,"10":27,"11":8,"12":8,"13":37,"14":25,"15":6,"16":6,"17":37,"18":3,"19":1,"20":2,"21":2,"22":1,"23":1,"24":1,"25":1,"26":1,"27":37,"28":3,"29":3,"30":3,"31":37,"32":2,"33":2,"34":2,"35":2,"36":37,"37":2,"38":6,"39":6,"40":2,"41":2,"42":2,"43":2,"44":1,"45":2,"46":1},"f":{"0":37,"1":14,"2":27,"3":25,"4":3,"5":1,"6":3,"7":2,"8":2,"9":6,"10":2,"11":2,"12":2},"b":{"0":[8,19],"1":[27,8],"2":[6,19],"3":[25,6],"4":[1,2],"5":[3,3],"6":[16,21],"7":[16,21],"8":[16,21],"9":[21,1],"10":[16,21],"11":[1,1],"12":[2,1,1],"13":[1,1],"14":[1,20]},"meta":{"lastBranch":15,"lastFunction":13,"lastStatement":47,"seen":{"s:12:13:191:Infinity":0,"f:12:13:12:14":0,"s:19:27:19:Infinity":1,"s:20:33:20:Infinity":2,"s:21:33:21:Infinity":3,"s:22:37:22:Infinity":4,"s:23:8:23:Infinity":5,"s:25:2:28:Infinity":6,"f:25:12:25:Infinity":1,"s:26:4:26:Infinity":7,"s:27:4:27:Infinity":8,"s:30:2:35:Infinity":9,"f:30:12:30:Infinity":2,"b:31:4:34:Infinity:undefined:undefined:undefined:undefined":0,"s:31:4:34:Infinity":10,"b:31:8:31:21:31:21:31:37":1,"s:32:6:32:Infinity":11,"s:33:6:33:Infinity":12,"s:37:2:45:Infinity":13,"f:37:12:37:Infinity":3,"b:38:4:44:Infinity:undefined:undefined:undefined:undefined":2,"s:38:4:44:Infinity":14,"b:38:8:38:21:38:21:38:37":3,"s:39:6:39:Infinity":15,"s:40:6:42:Infinity":16,"s:47:21:63:Infinity":17,"f:47:21:47:Infinity":4,"b:48:4:48:Infinity:undefined:undefined:undefined:undefined":4,"s:48:4:48:Infinity":18,"b:48:8:48:21:48:21:48:31":5,"s:48:31:48:Infinity":19,"s:49:4:62:Infinity":20,"s:50:6:50:Infinity":21,"s:51:6:51:Infinity":22,"s:52:6:52:Infinity":23,"f:52:17:52:23":5,"s:52:23:52:41":24,"s:55:6:59:Infinity":25,"s:61:6:61:Infinity":26,"s:65:21:69:Infinity":27,"f:65:21:65:22":6,"s:66:4:66:Infinity":28,"s:67:4:67:Infinity":29,"s:68:4:68:Infinity":30,"s:71:23:76:Infinity":31,"f:71:23:71:24":7,"s:72:4:72:Infinity":32,"s:73:4:73:Infinity":33,"s:74:4:74:Infinity":34,"s:75:4:75:Infinity":35,"s:78:2:186:Infinity":36,"b:87:20:87:Infinity:88:20:88:Infinity":6,"b:95:11:105:13:105:12:105:Infinity":7,"f:99:24:99:25":8,"s:99:31:99:Infinity":37,"b:110:11:128:13:128:12:154:Infinity":8,"b:129:15:129:Infinity:129:15:130:Infinity":9,"f:135:25:135:26":9,"s:136:18:136:Infinity":38,"s:137:18:137:Infinity":39,"f:146:25:146:26":10,"s:147:18:147:Infinity":40,"s:148:18:148:Infinity":41,"b:161:7:176:9:176:8:186:Infinity":10,"f:165:20:165:21":11,"s:165:27:165:Infinity":42,"f:166:21:166:22":12,"b:167:12:167:Infinity:undefined:undefined:undefined:undefined":11,"s:167:12:167:Infinity":43,"b:167:16:167:38:167:38:167:47:167:51:167:59":12,"s:167:63:167:Infinity":44,"b:168:12:168:Infinity:undefined:undefined:undefined:undefined":13,"s:168:12:168:Infinity":45,"s:168:36:168:Infinity":46,"b:181:18:181:Infinity:182:18:182:Infinity":14}}}
,"/home/andrew/bin/copy-deck/src/components/Deck.tsx": {"path":"/home/andrew/bin/copy-deck/src/components/Deck.tsx","statementMap":{"0":{"start":{"line":18,"column":13},"end":{"line":60,"column":null}},"1":{"start":{"line":19,"column":2},"end":{"line":57,"column":null}},"2":{"start":{"line":22,"column":10},"end":{"line":53,"column":null}},"3":{"start":{"line":28,"column":32},"end":{"line":29,"column":38}},"4":{"start":{"line":30,"column":18},"end":{"line":38,"column":null}},"5":{"start":{"line":36,"column":38},"end":{"line":38,"column":null}},"6":{"start":{"line":44,"column":26},"end":{"line":44,"column":null}},"7":{"start":{"line":46,"column":40},"end":{"line":46,"column":null}}},"fnMap":{"0":{"name":"(anonymous_0)","decl":{"start":{"line":18,"column":13},"end":{"line":18,"column":14}},"loc":{"start":{"line":18,"column":72},"end":{"line":60,"column":null}},"line":18},"1":{"name":"(anonymous_1)","decl":{"start":{"line":22,"column":9},"end":{"line":22,"column":10}},"loc":{"start":{"line":22,"column":10},"end":{"line":53,"column":null}},"line":22},"2":{"name":"(anonymous_2)","decl":{"start":{"line":28,"column":26},"end":{"line":28,"column":27}},"loc":{"start":{"line":28,"column":32},"end":{"line":29,"column":38}},"line":28},"3":{"name":"(anonymous_3)","decl":{"start":{"line":30,"column":17},"end":{"line":30,"column":18}},"loc":{"start":{"line":30,"column":18},"end":{"line":38,"column":null}},"line":30},"4":{"name":"(anonymous_4)","decl":{"start":{"line":36,"column":37},"end":{"line":36,"column":38}},"loc":{"start":{"line":36,"column":38},"end":{"line":38,"column":null}},"line":36},"5":{"name":"(anonymous_5)","decl":{"start":{"line":43,"column":32},"end":{"line":43,"column":33}},"loc":{"start":{"line":44,"column":26},"end":{"line":44,"column":null}},"line":44},"6":{"name":"(anonymous_6)","decl":{"start":{"line":46,"column":34},"end":{"line":46,"column":40}},"loc":{"start":{"line":46,"column":40},"end":{"line":46,"column":null}},"line":46}},"branchMap":{},"s":{"0":1,"1":4,"2":4,"3":4,"4":4,"5":4,"6":1,"7":1},"f":{"0":4,"1":4,"2":4,"3":4,"4":4,"5":1,"6":1},"b":{},"meta":{"lastBranch":0,"lastFunction":7,"lastStatement":8,"seen":{"s:18:13:60:Infinity":0,"f:18:13:18:14":0,"s:19:2:57:Infinity":1,"f:22:9:22:10":1,"s:22:10:53:Infinity":2,"f:28:26:28:27":2,"s:28:32:29:38":3,"f:30:17:30:18":3,"s:30:18:38:Infinity":4,"f:36:37:36:38":4,"s:36:38:38:Infinity":5,"f:43:32:43:33":5,"s:44:26:44:Infinity":6,"f:46:34:46:40":6,"s:46:40:46:Infinity":7}}}
,"/home/andrew/bin/copy-deck/src/components/Footer.tsx": {"path":"/home/andrew/bin/copy-deck/src/components/Footer.tsx","statementMap":{"0":{"start":{"line":3,"column":15},"end":{"line":50,"column":null}},"1":{"start":{"line":4,"column":2},"end":{"line":46,"column":null}}},"fnMap":{"0":{"name":"(anonymous_0)","decl":{"start":{"line":3,"column":15},"end":{"line":3,"column":null}},"loc":{"start":{"line":3,"column":15},"end":{"line":50,"column":null}},"line":3}},"branchMap":{},"s":{"0":1,"1":3},"f":{"0":3},"b":{},"meta":{"lastBranch":0,"lastFunction":1,"lastStatement":2,"seen":{"s:3:15:50:Infinity":0,"f:3:15:3:Infinity":0,"s:4:2:46:Infinity":1}}}
,"/home/andrew/bin/copy-deck/src/components/Icons.tsx": {"path":"/home/andrew/bin/copy-deck/src/components/Icons.tsx","statementMap":{"0":{"start":{"line":1,"column":25},"end":{"line":12,"column":null}},"1":{"start":{"line":1,"column":51},"end":{"line":12,"column":null}},"2":{"start":{"line":16,"column":21},"end":{"line":27,"column":null}},"3":{"start":{"line":16,"column":47},"end":{"line":27,"column":null}},"4":{"start":{"line":31,"column":26},"end":{"line":43,"column":null}},"5":{"start":{"line":31,"column":56},"end":{"line":43,"column":null}},"6":{"start":{"line":47,"column":25},"end":{"line":58,"column":null}},"7":{"start":{"line":47,"column":55},"end":{"line":58,"column":null}},"8":{"start":{"line":62,"column":24},"end":{"line":78,"column":null}}},"fnMap":{"0":{"name":"(anonymous_0)","decl":{"start":{"line":1,"column":25},"end":{"line":1,"column":26}},"loc":{"start":{"line":1,"column":51},"end":{"line":12,"column":null}},"line":1},"1":{"name":"(anonymous_1)","decl":{"start":{"line":16,"column":21},"end":{"line":16,"column":22}},"loc":{"start":{"line":16,"column":47},"end":{"line":27,"column":null}},"line":16},"2":{"name":"(anonymous_2)","decl":{"start":{"line":31,"column":26},"end":{"line":31,"column":27}},"loc":{"start":{"line":31,"column":56},"end":{"line":43,"column":null}},"line":31},"3":{"name":"(anonymous_3)","decl":{"start":{"line":47,"column":25},"end":{"line":47,"column":26}},"loc":{"start":{"line":47,"column":55},"end":{"line":58,"column":null}},"line":47},"4":{"name":"(anonymous_4)","decl":{"start":{"line":62,"column":24},"end":{"line":62,"column":null}},"loc":{"start":{"line":62,"column":24},"end":{"line":78,"column":null}},"line":62}},"branchMap":{"0":{"loc":{"start":{"line":1,"column":28},"end":{"line":1,"column":49}},"type":"default-arg","locations":[{"start":{"line":1,"column":40},"end":{"line":1,"column":49}}],"line":1},"1":{"loc":{"start":{"line":16,"column":24},"end":{"line":16,"column":45}},"type":"default-arg","locations":[{"start":{"line":16,"column":36},"end":{"line":16,"column":45}}],"line":16},"2":{"loc":{"start":{"line":31,"column":29},"end":{"line":31,"column":54}},"type":"default-arg","locations":[{"start":{"line":31,"column":41},"end":{"line":31,"column":54}}],"line":31},"3":{"loc":{"start":{"line":47,"column":28},"end":{"line":47,"column":53}},"type":"default-arg","locations":[{"start":{"line":47,"column":40},"end":{"line":47,"column":53}}],"line":47}},"s":{"0":4,"1":21,"2":4,"3":21,"4":4,"5":64,"6":4,"7":64,"8":73},"f":{"0":21,"1":21,"2":64,"3":64,"4":73},"b":{"0":[21],"1":[21],"2":[64],"3":[64]},"meta":{"lastBranch":4,"lastFunction":5,"lastStatement":9,"seen":{"s:1:25:12:Infinity":0,"f:1:25:1:26":0,"s:1:51:12:Infinity":1,"b:1:40:1:49":0,"s:16:21:27:Infinity":2,"f:16:21:16:22":1,"s:16:47:27:Infinity":3,"b:16:36:16:45":1,"s:31:26:43:Infinity":4,"f:31:26:31:27":2,"s:31:56:43:Infinity":5,"b:31:41:31:54":2,"s:47:25:58:Infinity":6,"f:47:25:47:26":3,"s:47:55:58:Infinity":7,"b:47:40:47:53":3,"s:62:24:78:Infinity":8,"f:62:24:62:Infinity":4}}}
,"/home/andrew/bin/copy-deck/src/components/Navbar.tsx": {"path":"/home/andrew/bin/copy-deck/src/components/Navbar.tsx","statementMap":{"0":{"start":{"line":1,"column":15},"end":{"line":7,"column":null}},"1":{"start":{"line":2,"column":2},"end":{"line":3,"column":null}}},"fnMap":{"0":{"name":"(anonymous_0)","decl":{"start":{"line":1,"column":15},"end":{"line":1,"column":null}},"loc":{"start":{"line":1,"column":15},"end":{"line":7,"column":null}},"line":1}},"branchMap":{},"s":{"0":1,"1":2},"f":{"0":2},"b":{},"meta":{"lastBranch":0,"lastFunction":1,"lastStatement":2,"seen":{"s:1:15:7:Infinity":0,"f:1:15:1:Infinity":0,"s:2:2:3:Infinity":1}}}
,"/home/andrew/bin/copy-deck/src/components/Sidebar.tsx": {"path":"/home/andrew/bin/copy-deck/src/components/Sidebar.tsx","statementMap":{"0":{"start":{"line":16,"column":16},"end":{"line":192,"column":null}},"1":{"start":{"line":24,"column":37},"end":{"line":24,"column":null}},"2":{"start":{"line":25,"column":31},"end":{"line":25,"column":null}},"3":{"start":{"line":26,"column":23},"end":{"line":26,"column":null}},"4":{"start":{"line":27,"column":25},"end":{"line":27,"column":48}},"5":{"start":{"line":29,"column":23},"end":{"line":33,"column":null}},"6":{"start":{"line":30,"column":4},"end":{"line":30,"column":null}},"7":{"start":{"line":31,"column":4},"end":{"line":31,"column":null}},"8":{"start":{"line":32,"column":4},"end":{"line":32,"column":null}},"9":{"start":{"line":35,"column":21},"end":{"line":41,"column":null}},"10":{"start":{"line":36,"column":4},"end":{"line":36,"column":null}},"11":{"start":{"line":37,"column":4},"end":{"line":39,"column":null}},"12":{"start":{"line":38,"column":6},"end":{"line":38,"column":null}},"13":{"start":{"line":40,"column":4},"end":{"line":40,"column":null}},"14":{"start":{"line":43,"column":23},"end":{"line":46,"column":null}},"15":{"start":{"line":44,"column":4},"end":{"line":44,"column":null}},"16":{"start":{"line":45,"column":4},"end":{"line":45,"column":null}},"17":{"start":{"line":48,"column":19},"end":{"line":61,"column":null}},"18":{"start":{"line":52,"column":4},"end":{"line":52,"column":null}},"19":{"start":{"line":52,"column":16},"end":{"line":52,"column":null}},"20":{"start":{"line":54,"column":4},"end":{"line":59,"column":null}},"21":{"start":{"line":55,"column":6},"end":{"line":58,"column":null}},"22":{"start":{"line":60,"column":4},"end":{"line":60,"column":null}},"23":{"start":{"line":63,"column":2},"end":{"line":188,"column":null}},"24":{"start":{"line":75,"column":12},"end":{"line":184,"column":null}},"25":{"start":{"line":83,"column":33},"end":{"line":83,"column":null}},"26":{"start":{"line":84,"column":34},"end":{"line":84,"column":null}},"27":{"start":{"line":86,"column":16},"end":{"line":87,"column":40}},"28":{"start":{"line":88,"column":36},"end":{"line":174,"column":null}},"29":{"start":{"line":92,"column":39},"end":{"line":92,"column":null}},"30":{"start":{"line":129,"column":47},"end":{"line":129,"column":null}},"31":{"start":{"line":130,"column":45},"end":{"line":130,"column":null}},"32":{"start":{"line":132,"column":32},"end":{"line":132,"column":null}},"33":{"start":{"line":132,"column":55},"end":{"line":132,"column":null}},"34":{"start":{"line":133,"column":32},"end":{"line":133,"column":null}},"35":{"start":{"line":133,"column":56},"end":{"line":133,"column":null}},"36":{"start":{"line":147,"column":48},"end":{"line":147,"column":null}},"37":{"start":{"line":162,"column":48},"end":{"line":162,"column":null}},"38":{"start":{"line":169,"column":34},"end":{"line":169,"column":null}},"39":{"start":{"line":170,"column":34},"end":{"line":170,"column":null}}},"fnMap":{"0":{"name":"(anonymous_0)","decl":{"start":{"line":16,"column":16},"end":{"line":16,"column":17}},"loc":{"start":{"line":23,"column":15},"end":{"line":192,"column":null}},"line":23},"1":{"name":"(anonymous_1)","decl":{"start":{"line":29,"column":23},"end":{"line":29,"column":24}},"loc":{"start":{"line":29,"column":45},"end":{"line":33,"column":null}},"line":29},"2":{"name":"(anonymous_2)","decl":{"start":{"line":35,"column":21},"end":{"line":35,"column":22}},"loc":{"start":{"line":35,"column":51},"end":{"line":41,"column":null}},"line":35},"3":{"name":"(anonymous_3)","decl":{"start":{"line":43,"column":23},"end":{"line":43,"column":24}},"loc":{"start":{"line":43,"column":24},"end":{"line":46,"column":null}},"line":43},"4":{"name":"(anonymous_4)","decl":{"start":{"line":48,"column":19},"end":{"line":48,"column":null}},"loc":{"start":{"line":50,"column":4},"end":{"line":61,"column":null}},"line":50},"5":{"name":"(anonymous_5)","decl":{"start":{"line":75,"column":11},"end":{"line":75,"column":12}},"loc":{"start":{"line":75,"column":12},"end":{"line":184,"column":null}},"line":75},"6":{"name":"(anonymous_6)","decl":{"start":{"line":82,"column":29},"end":{"line":82,"column":30}},"loc":{"start":{"line":82,"column":36},"end":{"line":183,"column":null}},"line":82},"7":{"name":"(anonymous_7)","decl":{"start":{"line":88,"column":21},"end":{"line":88,"column":22}},"loc":{"start":{"line":88,"column":36},"end":{"line":174,"column":null}},"line":88},"8":{"name":"(anonymous_8)","decl":{"start":{"line":92,"column":33},"end":{"line":92,"column":39}},"loc":{"start":{"line":92,"column":39},"end":{"line":92,"column":null}},"line":92},"9":{"name":"(anonymous_9)","decl":{"start":{"line":129,"column":40},"end":{"line":129,"column":41}},"loc":{"start":{"line":129,"column":47},"end":{"line":129,"column":null}},"line":129},"10":{"name":"(anonymous_10)","decl":{"start":{"line":130,"column":38},"end":{"line":130,"column":39}},"loc":{"start":{"line":130,"column":45},"end":{"line":130,"column":null}},"line":130},"11":{"name":"(anonymous_11)","decl":{"start":{"line":131,"column":41},"end":{"line":131,"column":42}},"loc":{"start":{"line":131,"column":42},"end":{"line":134,"column":null}},"line":131},"12":{"name":"(anonymous_12)","decl":{"start":{"line":147,"column":41},"end":{"line":147,"column":42}},"loc":{"start":{"line":147,"column":48},"end":{"line":147,"column":null}},"line":147},"13":{"name":"(anonymous_13)","decl":{"start":{"line":162,"column":41},"end":{"line":162,"column":42}},"loc":{"start":{"line":162,"column":48},"end":{"line":162,"column":null}},"line":162},"14":{"name":"(anonymous_14)","decl":{"start":{"line":168,"column":41},"end":{"line":168,"column":42}},"loc":{"start":{"line":168,"column":42},"end":{"line":171,"column":null}},"line":168}},"branchMap":{"0":{"loc":{"start":{"line":37,"column":4},"end":{"line":39,"column":null}},"type":"if","locations":[{"start":{"line":37,"column":4},"end":{"line":39,"column":null}},{"start":{},"end":{}}],"line":37},"1":{"loc":{"start":{"line":37,"column":8},"end":{"line":37,"column":49}},"type":"binary-expr","locations":[{"start":{"line":37,"column":8},"end":{"line":37,"column":27}},{"start":{"line":37,"column":27},"end":{"line":37,"column":49}}],"line":37},"2":{"loc":{"start":{"line":52,"column":4},"end":{"line":52,"column":null}},"type":"if","locations":[{"start":{"line":52,"column":4},"end":{"line":52,"column":null}},{"start":{},"end":{}}],"line":52},"3":{"loc":{"start":{"line":54,"column":4},"end":{"line":59,"column":null}},"type":"if","locations":[{"start":{"line":54,"column":4},"end":{"line":59,"column":null}},{"start":{},"end":{}}],"line":54},"4":{"loc":{"start":{"line":68,"column":9},"end":{"line":69,"column":null}},"type":"binary-expr","locations":[{"start":{"line":68,"column":9},"end":{"line":68,"column":null}},{"start":{"line":68,"column":30},"end":{"line":69,"column":null}}],"line":68},"5":{"loc":{"start":{"line":92,"column":39},"end":{"line":92,"column":null}},"type":"binary-expr","locations":[{"start":{"line":92,"column":39},"end":{"line":92,"column":53}},{"start":{"line":92,"column":53},"end":{"line":92,"column":null}}],"line":92},"6":{"loc":{"start":{"line":96,"column":28},"end":{"line":98,"column":null}},"type":"cond-expr","locations":[{"start":{"line":97,"column":32},"end":{"line":97,"column":null}},{"start":{"line":98,"column":32},"end":{"line":98,"column":null}}],"line":96},"7":{"loc":{"start":{"line":101,"column":28},"end":{"line":103,"column":null}},"type":"cond-expr","locations":[{"start":{"line":102,"column":32},"end":{"line":102,"column":null}},{"start":{"line":103,"column":32},"end":{"line":103,"column":null}}],"line":101},"8":{"loc":{"start":{"line":112,"column":27},"end":{"line":119,"column":null}},"type":"binary-expr","locations":[{"start":{"line":112,"column":27},"end":{"line":112,"column":null}},{"start":{"line":112,"column":28},"end":{"line":119,"column":null}}],"line":112},"9":{"loc":{"start":{"line":123,"column":27},"end":{"line":138,"column":null}},"type":"cond-expr","locations":[{"start":{"line":123,"column":27},"end":{"line":137,"column":29}},{"start":{"line":137,"column":28},"end":{"line":138,"column":null}}],"line":123},"10":{"loc":{"start":{"line":132,"column":32},"end":{"line":132,"column":null}},"type":"if","locations":[{"start":{"line":132,"column":32},"end":{"line":132,"column":null}},{"start":{},"end":{}}],"line":132},"11":{"loc":{"start":{"line":133,"column":32},"end":{"line":133,"column":null}},"type":"if","locations":[{"start":{"line":133,"column":32},"end":{"line":133,"column":null}},{"start":{},"end":{}}],"line":133},"12":{"loc":{"start":{"line":144,"column":27},"end":{"line":174,"column":null}},"type":"cond-expr","locations":[{"start":{"line":144,"column":27},"end":{"line":160,"column":null}},{"start":{"line":160,"column":28},"end":{"line":174,"column":null}}],"line":144}},"s":{"0":1,"1":26,"2":26,"3":26,"4":26,"5":26,"6":5,"7":5,"8":5,"9":26,"10":4,"11":4,"12":3,"13":4,"14":26,"15":1,"16":1,"17":26,"18":50,"19":2,"20":48,"21":2,"22":46,"23":26,"24":26,"25":50,"26":50,"27":50,"28":50,"29":1,"30":4,"31":1,"32":3,"33":2,"34":3,"35":1,"36":1,"37":5,"38":1,"39":1},"f":{"0":26,"1":5,"2":4,"3":1,"4":50,"5":26,"6":50,"7":50,"8":1,"9":4,"10":1,"11":3,"12":1,"13":5,"14":1},"b":{"0":[3,1],"1":[4,3],"2":[2,48],"3":[2,46],"4":[26,1],"5":[1,1],"6":[25,25],"7":[2,48],"8":[50,41],"9":[9,41],"10":[2,1],"11":[1,2],"12":[9,41]},"meta":{"lastBranch":13,"lastFunction":15,"lastStatement":40,"seen":{"s:16:16:192:Infinity":0,"f:16:16:16:17":0,"s:24:37:24:Infinity":1,"s:25:31:25:Infinity":2,"s:26:23:26:Infinity":3,"s:27:25:27:48":4,"s:29:23:33:Infinity":5,"f:29:23:29:24":1,"s:30:4:30:Infinity":6,"s:31:4:31:Infinity":7,"s:32:4:32:Infinity":8,"s:35:21:41:Infinity":9,"f:35:21:35:22":2,"s:36:4:36:Infinity":10,"b:37:4:39:Infinity:undefined:undefined:undefined:undefined":0,"s:37:4:39:Infinity":11,"b:37:8:37:27:37:27:37:49":1,"s:38:6:38:Infinity":12,"s:40:4:40:Infinity":13,"s:43:23:46:Infinity":14,"f:43:23:43:24":3,"s:44:4:44:Infinity":15,"s:45:4:45:Infinity":16,"s:48:19:61:Infinity":17,"f:48:19:48:Infinity":4,"b:52:4:52:Infinity:undefined:undefined:undefined:undefined":2,"s:52:4:52:Infinity":18,"s:52:16:52:Infinity":19,"b:54:4:59:Infinity:undefined:undefined:undefined:undefined":3,"s:54:4:59:Infinity":20,"s:55:6:58:Infinity":21,"s:60:4:60:Infinity":22,"s:63:2:188:Infinity":23,"b:68:9:68:Infinity:68:30:69:Infinity":4,"f:75:11:75:12":5,"s:75:12:184:Infinity":24,"f:82:29:82:30":6,"s:83:33:83:Infinity":25,"s:84:34:84:Infinity":26,"s:86:16:87:40":27,"f:88:21:88:22":7,"s:88:36:174:Infinity":28,"f:92:33:92:39":8,"s:92:39:92:Infinity":29,"b:92:39:92:53:92:53:92:Infinity":5,"b:97:32:97:Infinity:98:32:98:Infinity":6,"b:102:32:102:Infinity:103:32:103:Infinity":7,"b:112:27:112:Infinity:112:28:119:Infinity":8,"b:123:27:137:29:137:28:138:Infinity":9,"f:129:40:129:41":9,"s:129:47:129:Infinity":30,"f:130:38:130:39":10,"s:130:45:130:Infinity":31,"f:131:41:131:42":11,"b:132:32:132:Infinity:undefined:undefined:undefined:undefined":10,"s:132:32:132:Infinity":32,"s:132:55:132:Infinity":33,"b:133:32:133:Infinity:undefined:undefined:undefined:undefined":11,"s:133:32:133:Infinity":34,"s:133:56:133:Infinity":35,"b:144:27:160:Infinity:160:28:174:Infinity":12,"f:147:41:147:42":12,"s:147:48:147:Infinity":36,"f:162:41:162:42":13,"s:162:48:162:Infinity":37,"f:168:41:168:42":14,"s:169:34:169:Infinity":38,"s:170:34:170:Infinity":39}}}
}
